<?xml version="1.0" encoding="UTF-8"?>
<!-- Generated by org.testng.reporters.JUnitXMLReporter -->
<testsuite ignored="0" hostname="DESKTOP-PP5L8QA" failures="0" tests="10" name="Test_01" time="72.378" errors="0" timestamp="2021-09-19T16:29:21 IST">
  <testcase classname="com.qa.testScript.TC_OrangeHrm_Recruitment_Search" name="candidateName_Search" time="0.007"/>
  <testcase classname="com.qa.testScript.TC_OrangeHrm_Recruitment_Search" name="hiringManager_Search" time="0.003"/>
  <testcase classname="com.qa.testScript.TC_OrangeHrm_Recruitment_Search" name="jobTitle_Search" time="0.003"/>
  <testcase classname="com.qa.testScript.TC_OrangeHrm_Recruitment_Search" name="modeOfApp_Search" time="0.001"/>
  <testcase classname="com.qa.testScript.TC_OrangeHrm_Recruitment_Search" name="status_Search" time="0.005"/>
  <testcase classname="com.qa.testScript.TC_OrangeHrm_Recruitment_Search" name="testDate" time="2.025"/>
  <testcase classname="com.qa.testScript.TC_OrangeHrm_Recruitment_Search" name="vacency_Search" time="0.002"/>
  <testcase classname="com.qa.testScript.TC_Orange_Hrm_Recruitment_Candidate_Delete" name="deleteCustomers" time="1.893"/>
  <testcase classname="com.qa.testScript.TC_OrangeHrm_Recruitment_Add_Customer" name="add_Customer" time="3.281"/>
  <testcase classname="com.qa.testScript.TC_OrangeHrm_Recruitment_Add_Customer" name="edit_customer" time="2.787"/>
</testsuite> <!-- Test_01 -->
