<?xml version="1.0" encoding="UTF-8"?>
<testng-results ignored="0" total="10" passed="10" failed="0" skipped="0">
  <reporter-output>
  </reporter-output>
  <suite started-at="2021-09-19T16:28:08 IST" name="Suite" finished-at="2021-09-19T16:29:21 IST" duration-ms="72934">
    <groups>
    </groups>
    <test started-at="2021-09-19T16:28:08 IST" name="Test" finished-at="2021-09-19T16:28:08 IST" duration-ms="369">
    </test> <!-- Test -->
    <test started-at="2021-09-19T16:28:08 IST" name="Test_01" finished-at="2021-09-19T16:29:21 IST" duration-ms="72378">
      <class name="com.qa.testScript.TC_Orange_Hrm_Recruitment_Candidate_Delete">
        <test-method is-config="true" signature="Setup(java.lang.String, java.lang.String, java.lang.String, java.lang.String, java.lang.String)[pri:0, instance:com.qa.testScript.TC_Orange_Hrm_Recruitment_Candidate_Delete@53fdffa1]" started-at="2021-09-19T16:28:34 IST" name="Setup" finished-at="2021-09-19T16:28:54 IST" duration-ms="19360" status="PASS">
          <params>
            <param index="0">
              <value>
                <![CDATA[https://opensource-demo.orangehrmlive.com/]]>
              </value>
            </param>
            <param index="1">
              <value>
                <![CDATA[C:\Users\panindra\Downloads\chromedriver_win32\\chromedriver.exe]]>
              </value>
            </param>
            <param index="2">
              <value>
                <![CDATA[Chrome]]>
              </value>
            </param>
            <param index="3">
              <value>
                <![CDATA[Admin]]>
              </value>
            </param>
            <param index="4">
              <value>
                <![CDATA[admin123]]>
              </value>
            </param>
          </params>
          <reporter-output>
          </reporter-output>
        </test-method> <!-- Setup -->
        <test-method signature="deleteCustomers()[pri:0, instance:com.qa.testScript.TC_Orange_Hrm_Recruitment_Candidate_Delete@53fdffa1]" started-at="2021-09-19T16:28:54 IST" name="deleteCustomers" finished-at="2021-09-19T16:28:56 IST" duration-ms="1893" status="PASS">
          <reporter-output>
          </reporter-output>
        </test-method> <!-- deleteCustomers -->
        <test-method is-config="true" signature="TearDown()[pri:0, instance:com.qa.testScript.TC_Orange_Hrm_Recruitment_Candidate_Delete@53fdffa1]" started-at="2021-09-19T16:28:56 IST" name="TearDown" finished-at="2021-09-19T16:28:56 IST" duration-ms="391" status="PASS">
          <reporter-output>
          </reporter-output>
        </test-method> <!-- TearDown -->
      </class> <!-- com.qa.testScript.TC_Orange_Hrm_Recruitment_Candidate_Delete -->
      <class name="com.qa.testScript.TC_OrangeHrm_Recruitment_Search">
        <test-method is-config="true" signature="Setup(java.lang.String, java.lang.String, java.lang.String, java.lang.String, java.lang.String)[pri:0, instance:com.qa.testScript.TC_OrangeHrm_Recruitment_Search@4d465b11]" started-at="2021-09-19T16:28:08 IST" name="Setup" finished-at="2021-09-19T16:28:29 IST" duration-ms="20340" status="PASS">
          <params>
            <param index="0">
              <value>
                <![CDATA[https://opensource-demo.orangehrmlive.com/]]>
              </value>
            </param>
            <param index="1">
              <value>
                <![CDATA[C:\Users\panindra\Downloads\chromedriver_win32\\chromedriver.exe]]>
              </value>
            </param>
            <param index="2">
              <value>
                <![CDATA[Chrome]]>
              </value>
            </param>
            <param index="3">
              <value>
                <![CDATA[Admin]]>
              </value>
            </param>
            <param index="4">
              <value>
                <![CDATA[admin123]]>
              </value>
            </param>
          </params>
          <reporter-output>
          </reporter-output>
        </test-method> <!-- Setup -->
        <test-method signature="candidateName_Search([Ljava.lang.String;)[pri:0, instance:com.qa.testScript.TC_OrangeHrm_Recruitment_Search@4d465b11]" started-at="2021-09-19T16:28:31 IST" name="candidateName_Search" data-provider="CandidateName" finished-at="2021-09-19T16:28:31 IST" duration-ms="7" status="PASS">
          <params>
            <param index="0">
              <value>
                <![CDATA[[Ljava.lang.String;@2dc3271b]]>
              </value>
            </param>
          </params>
          <reporter-output>
          </reporter-output>
        </test-method> <!-- candidateName_Search -->
        <test-method signature="hiringManager_Search([Ljava.lang.String;)[pri:0, instance:com.qa.testScript.TC_OrangeHrm_Recruitment_Search@4d465b11]" started-at="2021-09-19T16:28:31 IST" name="hiringManager_Search" data-provider="hiringManager" finished-at="2021-09-19T16:28:31 IST" duration-ms="3" status="PASS">
          <params>
            <param index="0">
              <value>
                <![CDATA[[Ljava.lang.String;@3d0035d2]]>
              </value>
            </param>
          </params>
          <reporter-output>
          </reporter-output>
        </test-method> <!-- hiringManager_Search -->
        <test-method signature="jobTitle_Search([Ljava.lang.String;)[pri:0, instance:com.qa.testScript.TC_OrangeHrm_Recruitment_Search@4d465b11]" started-at="2021-09-19T16:28:31 IST" name="jobTitle_Search" data-provider="jobtitles" finished-at="2021-09-19T16:28:31 IST" duration-ms="3" status="PASS">
          <params>
            <param index="0">
              <value>
                <![CDATA[[Ljava.lang.String;@2bfb6b49]]>
              </value>
            </param>
          </params>
          <reporter-output>
          </reporter-output>
        </test-method> <!-- jobTitle_Search -->
        <test-method signature="modeOfApp_Search([Ljava.lang.String;)[pri:0, instance:com.qa.testScript.TC_OrangeHrm_Recruitment_Search@4d465b11]" started-at="2021-09-19T16:28:31 IST" name="modeOfApp_Search" data-provider="modeOfApp" finished-at="2021-09-19T16:28:31 IST" duration-ms="1" status="PASS">
          <params>
            <param index="0">
              <value>
                <![CDATA[[Ljava.lang.String;@1f346ad2]]>
              </value>
            </param>
          </params>
          <reporter-output>
          </reporter-output>
        </test-method> <!-- modeOfApp_Search -->
        <test-method signature="status_Search([Ljava.lang.String;)[pri:0, instance:com.qa.testScript.TC_OrangeHrm_Recruitment_Search@4d465b11]" started-at="2021-09-19T16:28:31 IST" name="status_Search" data-provider="status" finished-at="2021-09-19T16:28:31 IST" duration-ms="5" status="PASS">
          <params>
            <param index="0">
              <value>
                <![CDATA[[Ljava.lang.String;@46a145ba]]>
              </value>
            </param>
          </params>
          <reporter-output>
          </reporter-output>
        </test-method> <!-- status_Search -->
        <test-method signature="testDate([Ljava.lang.String;)[pri:0, instance:com.qa.testScript.TC_OrangeHrm_Recruitment_Search@4d465b11]" started-at="2021-09-19T16:28:31 IST" name="testDate" data-provider="fromDate" finished-at="2021-09-19T16:28:33 IST" duration-ms="2025" status="PASS">
          <params>
            <param index="0">
              <value>
                <![CDATA[[Ljava.lang.String;@7ab34619]]>
              </value>
            </param>
          </params>
          <reporter-output>
          </reporter-output>
        </test-method> <!-- testDate -->
        <test-method signature="vacency_Search([Ljava.lang.String;)[pri:0, instance:com.qa.testScript.TC_OrangeHrm_Recruitment_Search@4d465b11]" started-at="2021-09-19T16:28:34 IST" name="vacency_Search" data-provider="vacency" finished-at="2021-09-19T16:28:34 IST" duration-ms="2" status="PASS">
          <params>
            <param index="0">
              <value>
                <![CDATA[[Ljava.lang.String;@ae2db25]]>
              </value>
            </param>
          </params>
          <reporter-output>
          </reporter-output>
        </test-method> <!-- vacency_Search -->
        <test-method is-config="true" signature="TearDown()[pri:0, instance:com.qa.testScript.TC_OrangeHrm_Recruitment_Search@4d465b11]" started-at="2021-09-19T16:28:34 IST" name="TearDown" finished-at="2021-09-19T16:28:34 IST" duration-ms="559" status="PASS">
          <reporter-output>
          </reporter-output>
        </test-method> <!-- TearDown -->
      </class> <!-- com.qa.testScript.TC_OrangeHrm_Recruitment_Search -->
      <class name="com.qa.testScript.TC_OrangeHrm_Recruitment_Add_Customer">
        <test-method is-config="true" signature="Setup(java.lang.String, java.lang.String, java.lang.String, java.lang.String, java.lang.String)[pri:0, instance:com.qa.testScript.TC_OrangeHrm_Recruitment_Add_Customer@5562c41e]" started-at="2021-09-19T16:28:56 IST" name="Setup" finished-at="2021-09-19T16:29:14 IST" duration-ms="18053" status="PASS">
          <params>
            <param index="0">
              <value>
                <![CDATA[https://opensource-demo.orangehrmlive.com/]]>
              </value>
            </param>
            <param index="1">
              <value>
                <![CDATA[C:\Users\panindra\Downloads\chromedriver_win32\\chromedriver.exe]]>
              </value>
            </param>
            <param index="2">
              <value>
                <![CDATA[Chrome]]>
              </value>
            </param>
            <param index="3">
              <value>
                <![CDATA[Admin]]>
              </value>
            </param>
            <param index="4">
              <value>
                <![CDATA[admin123]]>
              </value>
            </param>
          </params>
          <reporter-output>
          </reporter-output>
        </test-method> <!-- Setup -->
        <test-method signature="add_Customer([Ljava.lang.String;)[pri:0, instance:com.qa.testScript.TC_OrangeHrm_Recruitment_Add_Customer@5562c41e]" started-at="2021-09-19T16:29:14 IST" name="add_Customer" data-provider="AddCustomer" finished-at="2021-09-19T16:29:17 IST" duration-ms="3281" status="PASS">
          <params>
            <param index="0">
              <value>
                <![CDATA[[Ljava.lang.String;@788ddc1f]]>
              </value>
            </param>
          </params>
          <reporter-output>
          </reporter-output>
        </test-method> <!-- add_Customer -->
        <test-method signature="edit_customer([Ljava.lang.String;)[pri:0, instance:com.qa.testScript.TC_OrangeHrm_Recruitment_Add_Customer@5562c41e]" started-at="2021-09-19T16:29:18 IST" name="edit_customer" data-provider="editCustomer" finished-at="2021-09-19T16:29:20 IST" duration-ms="2787" status="PASS">
          <params>
            <param index="0">
              <value>
                <![CDATA[[Ljava.lang.String;@254f906e]]>
              </value>
            </param>
          </params>
          <reporter-output>
          </reporter-output>
        </test-method> <!-- edit_customer -->
        <test-method is-config="true" signature="TearDown()[pri:0, instance:com.qa.testScript.TC_OrangeHrm_Recruitment_Add_Customer@5562c41e]" started-at="2021-09-19T16:29:20 IST" name="TearDown" finished-at="2021-09-19T16:29:21 IST" duration-ms="437" status="PASS">
          <reporter-output>
          </reporter-output>
        </test-method> <!-- TearDown -->
      </class> <!-- com.qa.testScript.TC_OrangeHrm_Recruitment_Add_Customer -->
    </test> <!-- Test_01 -->
  </suite> <!-- Suite -->
</testng-results>
